<?xml version="1.0" encoding="UTF-8"?>
<!-- Generated by org.testng.reporters.JUnitXMLReporter -->
<testsuite ignored="0" hostname="DESKTOP-P2DJP4T" failures="2" tests="3" name="HomepageTests" time="89.358" errors="0" timestamp="2025-10-06T17:11:36 IST">
  <testcase classname="com.violetis.Tests.HomePageTest" name="testHRSubMenus" time="20.068">
    <failure type="java.lang.AssertionError" message="HR → Submenu: Performance Management | Expected href: https://test.violetisworkplace.com/perfomnace-management | Actual: https://test.violetisworkplace.com/ expected [true] but found [false]">
      <![CDATA[java.lang.AssertionError: HR → Submenu: Performance Management | Expected href: https://test.violetisworkplace.com/perfomnace-management | Actual: https://test.violetisworkplace.com/ expected [true] but found [false]
at com.violetis.Tests.HomePageTest.validateSubMenus(HomePageTest.java:34)
at com.violetis.Tests.HomePageTest.testHRSubMenus(HomePageTest.java:51)
at java.base/java.util.concurrent.Executors$RunnableAdapter.call(Executors.java:572)
at java.base/java.util.concurrent.FutureTask.run(FutureTask.java:317)
at java.base/java.util.concurrent.ThreadPoolExecutor.runWorker(ThreadPoolExecutor.java:1144)
at java.base/java.util.concurrent.ThreadPoolExecutor$Worker.run(ThreadPoolExecutor.java:642)
at java.base/java.lang.Thread.run(Thread.java:1575)
... Removed 14 stack frames]]>
    </failure>
  </testcase> <!-- testHRSubMenus -->
  <testcase classname="com.violetis.Tests.HomePageTest" name="testCRMSubMenus" time="1.394">
    <failure type="org.openqa.selenium.ElementNotInteractableException" message="element not interactable: element has zero size
  (Session info: chrome=140.0.7339.186)
Build info: version: &amp;apos;4.35.0&amp;apos;, revision: &amp;apos;1c58e5028b&amp;apos;
System info: os.name: &amp;apos;Windows 10&amp;apos;, os.arch: &amp;apos;amd64&amp;apos;, os.version: &amp;apos;10.0&amp;apos;, java.version: &amp;apos;23.0.1&amp;apos;
Driver info: org.openqa.selenium.chrome.ChromeDriver
Command: [b35951b830cd60f0938a2401bffb444d, clickElement {id=f.EEFC9174650B6BAE0B4A01E6E0A68025.d.E762E855E2331CCFE13A92E40BBAD5D2.e.25}]
Capabilities {acceptInsecureCerts: false, browserName: chrome, browserVersion: 140.0.7339.186, chrome: {chromedriverVersion: 140.0.7339.207 (17230b545fd..., userDataDir: C:\Users\Dell\AppData\Local...}, fedcm:accounts: true, goog:chromeOptions: {debuggerAddress: localhost:59471}, networkConnectionEnabled: false, pageLoadStrategy: normal, platformName: windows, proxy: Proxy(), se:cdp: ws://localhost:59471/devtoo..., se:cdpVersion: 140.0.7339.186, setWindowRect: true, strictFileInteractability: false, timeouts: {implicit: 0, pageLoad: 300000, script: 30000}, unhandledPromptBehavior: dismiss and notify, webauthn:extension:credBlob: true, webauthn:extension:largeBlob: true, webauthn:extension:minPinLength: true, webauthn:extension:prf: true, webauthn:virtualAuthenticators: true}
Element: [[ChromeDriver: chrome on windows (b35951b830cd60f0938a2401bffb444d)] -&amp;gt; xpath: //*[@id=&amp;apos;navbarContent&amp;apos;]/div/ul/li[2]/ul/li/a]
Session ID: b35951b830cd60f0938a2401bffb444d">
      <![CDATA[org.openqa.selenium.ElementNotInteractableException: element not interactable: element has zero size
  (Session info: chrome=140.0.7339.186)
Build info: version: '4.35.0', revision: '1c58e5028b'
System info: os.name: 'Windows 10', os.arch: 'amd64', os.version: '10.0', java.version: '23.0.1'
Driver info: org.openqa.selenium.chrome.ChromeDriver
Command: [b35951b830cd60f0938a2401bffb444d, clickElement {id=f.EEFC9174650B6BAE0B4A01E6E0A68025.d.E762E855E2331CCFE13A92E40BBAD5D2.e.25}]
Capabilities {acceptInsecureCerts: false, browserName: chrome, browserVersion: 140.0.7339.186, chrome: {chromedriverVersion: 140.0.7339.207 (17230b545fd..., userDataDir: C:\Users\Dell\AppData\Local...}, fedcm:accounts: true, goog:chromeOptions: {debuggerAddress: localhost:59471}, networkConnectionEnabled: false, pageLoadStrategy: normal, platformName: windows, proxy: Proxy(), se:cdp: ws://localhost:59471/devtoo..., se:cdpVersion: 140.0.7339.186, setWindowRect: true, strictFileInteractability: false, timeouts: {implicit: 0, pageLoad: 300000, script: 30000}, unhandledPromptBehavior: dismiss and notify, webauthn:extension:credBlob: true, webauthn:extension:largeBlob: true, webauthn:extension:minPinLength: true, webauthn:extension:prf: true, webauthn:virtualAuthenticators: true}
Element: [[ChromeDriver: chrome on windows (b35951b830cd60f0938a2401bffb444d)] -> xpath: //*[@id='navbarContent']/div/ul/li[2]/ul/li/a]
Session ID: b35951b830cd60f0938a2401bffb444d
at org.openqa.selenium.remote.ErrorCodec.decode(ErrorCodec.java:167)
at org.openqa.selenium.remote.codec.w3c.W3CHttpResponseCodec.decode(W3CHttpResponseCodec.java:138)
at org.openqa.selenium.remote.codec.w3c.W3CHttpResponseCodec.decode(W3CHttpResponseCodec.java:50)
at org.openqa.selenium.remote.HttpCommandExecutor.execute(HttpCommandExecutor.java:215)
at org.openqa.selenium.remote.service.DriverCommandExecutor.invokeExecute(DriverCommandExecutor.java:216)
at org.openqa.selenium.remote.service.DriverCommandExecutor.execute(DriverCommandExecutor.java:174)
at org.openqa.selenium.remote.RemoteWebDriver.execute(RemoteWebDriver.java:557)
at org.openqa.selenium.remote.RemoteWebElement.execute(RemoteWebElement.java:223)
at org.openqa.selenium.remote.RemoteWebElement.click(RemoteWebElement.java:76)
at com.violetis.Pages.HomePage.clickSubMenu(HomePage.java:60)
at com.violetis.Pages.HomePage.clickCRMSubMenu(HomePage.java:75)
at com.violetis.Tests.HomePageTest.lambda$1(HomePageTest.java:66)
at com.violetis.Tests.HomePageTest.validateSubMenus(HomePageTest.java:27)
at com.violetis.Tests.HomePageTest.testCRMSubMenus(HomePageTest.java:62)
at java.base/java.util.concurrent.Executors$RunnableAdapter.call(Executors.java:572)
at java.base/java.util.concurrent.FutureTask.run(FutureTask.java:317)
at java.base/java.util.concurrent.ThreadPoolExecutor.runWorker(ThreadPoolExecutor.java:1144)
at java.base/java.util.concurrent.ThreadPoolExecutor$Worker.run(ThreadPoolExecutor.java:642)
at java.base/java.lang.Thread.run(Thread.java:1575)
... Removed 14 stack frames]]>
    </failure>
  </testcase> <!-- testCRMSubMenus -->
  <testcase classname="com.violetis.Tests.HomePageTest" name="testMailSubMenus" time="32.599"/>
</testsuite> <!-- HomepageTests -->
